{"name": "test_002", "status": "failed", "statusDetails": {"message": "AssertionError: assert False", "trace": "self = <Scripts.allure_step.Test001 object at 0x000002624D01DDD8>\n\n    @allure.step(\"实测文件2\")\n    def test_002(self):\n        print(\"/n--->test_002\")\n>       assert False\nE       assert False\n\nScripts\\allure_step.py:11: AssertionError"}, "steps": [{"name": "实测文件2", "status": "failed", "statusDetails": {"message": "AssertionError: assert False\n", "trace": "  File \"c:\\python36\\lib\\site-packages\\allure_commons\\_allure.py\", line 157, in impl\n    return func(*a, **kw)\n  File \"D:\\app_15_20_007\\Scripts\\allure_step.py\", line 11, in test_002\n    assert False\n"}, "start": 1591347741515, "stop": 1591347741516}], "start": 1591347741515, "stop": 1591347741528, "uuid": "c9b8993e-895c-4216-9cb9-bb2aae69e031", "historyId": "43f5bf2fdb4ee08dcdbd40608ec02925", "testCaseId": "f8626faed9755c2128e121d6ceac40f8", "fullName": "Scripts.allure_step.Test001#test_002", "labels": [{"name": "parentSuite", "value": "Scripts"}, {"name": "suite", "value": "allure_step"}, {"name": "subSuite", "value": "Test001"}, {"name": "host", "value": "DESKTOP-DVB79FC"}, {"name": "thread", "value": "21260-MainThread"}, {"name": "framework", "value": "pytest"}, {"name": "language", "value": "cpython3"}, {"name": "package", "value": "Scripts.allure_step"}]}